c:\users\tienn\documents\visual studio 2017\projects\tinhtoan\tinhtoan\x64\debug\tinhtoan.pch
c:\users\tienn\documents\visual studio 2017\projects\tinhtoan\tinhtoan\x64\debug\tinhtoan.pdb
c:\users\tienn\documents\visual studio 2017\projects\tinhtoan\tinhtoan\x64\debug\tinhtoan.idb
c:\users\tienn\documents\visual studio 2017\projects\tinhtoan\tinhtoan\x64\debug\stdafx.obj
c:\users\tienn\documents\visual studio 2017\projects\tinhtoan\tinhtoan\x64\debug\vc141.pdb
c:\users\tienn\documents\visual studio 2017\projects\tinhtoan\tinhtoan\x64\debug\vc141.idb
c:\users\tienn\documents\visual studio 2017\projects\tinhtoan\tinhtoan\x64\debug\toantu.obj
c:\users\tienn\documents\visual studio 2017\projects\tinhtoan\tinhtoan\x64\debug\tinhtoan.obj
c:\users\tienn\documents\visual studio 2017\projects\tinhtoan\x64\debug\tinhtoan.lib
c:\users\tienn\documents\visual studio 2017\projects\tinhtoan\x64\debug\tinhtoan.exe
c:\users\tienn\documents\visual studio 2017\projects\tinhtoan\x64\debug\tinhtoan.ilk
c:\users\tienn\documents\visual studio 2017\projects\tinhtoan\x64\debug\tinhtoan.pdb
c:\users\tienn\documents\visual studio 2017\projects\tinhtoan\x64\debug\tinhtoan.exp
c:\users\tienn\documents\visual studio 2017\projects\tinhtoan\tinhtoan\x64\debug\tinhtoan.tlog\cl.command.1.tlog
c:\users\tienn\documents\visual studio 2017\projects\tinhtoan\tinhtoan\x64\debug\tinhtoan.tlog\cl.read.1.tlog
c:\users\tienn\documents\visual studio 2017\projects\tinhtoan\tinhtoan\x64\debug\tinhtoan.tlog\cl.write.1.tlog
c:\users\tienn\documents\visual studio 2017\projects\tinhtoan\tinhtoan\x64\debug\tinhtoan.tlog\lib-link.read.1.tlog
c:\users\tienn\documents\visual studio 2017\projects\tinhtoan\tinhtoan\x64\debug\tinhtoan.tlog\lib-link.write.1.tlog
c:\users\tienn\documents\visual studio 2017\projects\tinhtoan\tinhtoan\x64\debug\tinhtoan.tlog\lib.command.1.tlog
c:\users\tienn\documents\visual studio 2017\projects\tinhtoan\tinhtoan\x64\debug\tinhtoan.tlog\link.10396.delete.1.tlog
c:\users\tienn\documents\visual studio 2017\projects\tinhtoan\tinhtoan\x64\debug\tinhtoan.tlog\link.11836.delete.1.tlog
c:\users\tienn\documents\visual studio 2017\projects\tinhtoan\tinhtoan\x64\debug\tinhtoan.tlog\link.14916.delete.1.tlog
c:\users\tienn\documents\visual studio 2017\projects\tinhtoan\tinhtoan\x64\debug\tinhtoan.tlog\link.2460.delete.1.tlog
c:\users\tienn\documents\visual studio 2017\projects\tinhtoan\tinhtoan\x64\debug\tinhtoan.tlog\link.6568.delete.1.tlog
c:\users\tienn\documents\visual studio 2017\projects\tinhtoan\tinhtoan\x64\debug\tinhtoan.tlog\link.9864.delete.1.tlog
c:\users\tienn\documents\visual studio 2017\projects\tinhtoan\tinhtoan\x64\debug\tinhtoan.tlog\link.command.1.tlog
c:\users\tienn\documents\visual studio 2017\projects\tinhtoan\tinhtoan\x64\debug\tinhtoan.tlog\link.delete.1.tlog
c:\users\tienn\documents\visual studio 2017\projects\tinhtoan\tinhtoan\x64\debug\tinhtoan.tlog\link.read.1.tlog
c:\users\tienn\documents\visual studio 2017\projects\tinhtoan\tinhtoan\x64\debug\tinhtoan.tlog\link.write.1.tlog
c:\users\tienn\documents\visual studio 2017\projects\tinhtoan\tinhtoan\x64\debug\tinhtoan.tlog\tinhtoan.write.1u.tlog
